0 info it worked if it ends with ok
1 verbose cli [ 'C:\\Program Files\\nodejs\\\\node.exe',
1 verbose cli   'C:\\Program Files\\nodejs\\node_modules\\npm\\bin\\npm-cli.js',
1 verbose cli   'install',
1 verbose cli   'bcrypt',
1 verbose cli   '--save' ]
2 info using npm@1.4.21
3 info using node@v0.10.30
4 verbose node symlink C:\Program Files\nodejs\\node.exe
5 warn package.json connect-form@0.2.1 No repository field.
6 warn package.json connect-form@0.2.1 Invalid filename in 'files' list:
7 verbose readDependencies using package.json deps
8 verbose cache add [ 'bcrypt', null ]
9 verbose cache add name=undefined spec="bcrypt" args=["bcrypt",null]
10 verbose parsed url { protocol: null,
10 verbose parsed url   slashes: null,
10 verbose parsed url   auth: null,
10 verbose parsed url   host: null,
10 verbose parsed url   port: null,
10 verbose parsed url   hostname: null,
10 verbose parsed url   hash: null,
10 verbose parsed url   search: null,
10 verbose parsed url   query: null,
10 verbose parsed url   pathname: 'bcrypt',
10 verbose parsed url   path: 'bcrypt',
10 verbose parsed url   href: 'bcrypt' }
11 silly lockFile 51684124-bcrypt bcrypt
12 verbose lock bcrypt C:\Users\Tony\AppData\Roaming\npm-cache\51684124-bcrypt.lock
13 silly lockFile 51684124-bcrypt bcrypt
14 silly lockFile 51684124-bcrypt bcrypt
15 verbose addNamed [ 'bcrypt', '' ]
16 verbose addNamed [ null, '*' ]
17 silly lockFile 1351601c-bcrypt bcrypt@
18 verbose lock bcrypt@ C:\Users\Tony\AppData\Roaming\npm-cache\1351601c-bcrypt.lock
19 silly addNameRange { name: 'bcrypt', range: '*', hasData: false }
20 verbose request where is /bcrypt
21 verbose request registry https://registry.npmjs.org/
22 verbose request id 7c26f74ebd81fce8
23 verbose url raw /bcrypt
24 verbose url resolving [ 'https://registry.npmjs.org/', './bcrypt' ]
25 verbose url resolved https://registry.npmjs.org/bcrypt
26 verbose request where is https://registry.npmjs.org/bcrypt
27 info trying registry request attempt 1 at 01:15:58
28 verbose etag "RU8PDEN5MCEWWGA6UCLFX925"
29 http GET https://registry.npmjs.org/bcrypt
30 http 304 https://registry.npmjs.org/bcrypt
31 silly registry.get cb [ 304,
31 silly registry.get   { date: 'Mon, 22 Dec 2014 09:15:58 GMT',
31 silly registry.get     server: 'Apache',
31 silly registry.get     via: '1.1 varnish',
31 silly registry.get     'last-modified': 'Mon, 22 Dec 2014 09:15:58 GMT',
31 silly registry.get     'cache-control': 'max-age=60',
31 silly registry.get     etag: '"RU8PDEN5MCEWWGA6UCLFX925"',
31 silly registry.get     age: '0',
31 silly registry.get     'x-served-by': 'cache-lax1431-LAX',
31 silly registry.get     'x-cache': 'MISS',
31 silly registry.get     'x-cache-hits': '0',
31 silly registry.get     'x-timer': 'S1419239758.551670,VS0,VE179',
31 silly registry.get     vary: 'Accept',
31 silly registry.get     'content-length': '0',
31 silly registry.get     'keep-alive': 'timeout=10, max=50',
31 silly registry.get     connection: 'Keep-Alive' } ]
32 verbose etag https://registry.npmjs.org/bcrypt from cache
33 silly addNameRange number 2 { name: 'bcrypt', range: '*', hasData: true }
34 silly addNameRange versions [ 'bcrypt',
34 silly addNameRange   [ '0.1.2',
34 silly addNameRange     '0.2.0',
34 silly addNameRange     '0.2.1',
34 silly addNameRange     '0.1.3',
34 silly addNameRange     '0.2.2',
34 silly addNameRange     '0.2.3',
34 silly addNameRange     '0.2.4',
34 silly addNameRange     '0.3.0',
34 silly addNameRange     '0.3.1',
34 silly addNameRange     '0.3.2',
34 silly addNameRange     '0.4.0',
34 silly addNameRange     '0.4.1',
34 silly addNameRange     '0.5.0',
34 silly addNameRange     '0.6.0',
34 silly addNameRange     '0.7.0',
34 silly addNameRange     '0.7.1',
34 silly addNameRange     '0.7.2',
34 silly addNameRange     '0.7.3',
34 silly addNameRange     '0.7.4',
34 silly addNameRange     '0.7.5',
34 silly addNameRange     '0.7.6',
34 silly addNameRange     '0.7.7',
34 silly addNameRange     '0.7.8',
34 silly addNameRange     '0.8.0' ] ]
35 verbose addNamed [ 'bcrypt', '0.8.0' ]
36 verbose addNamed [ '0.8.0', '0.8.0' ]
37 silly lockFile d33dacdf-bcrypt-0-8-0 bcrypt@0.8.0
38 verbose lock bcrypt@0.8.0 C:\Users\Tony\AppData\Roaming\npm-cache\d33dacdf-bcrypt-0-8-0.lock
39 silly lockFile d33dacdf-bcrypt-0-8-0 bcrypt@0.8.0
40 silly lockFile d33dacdf-bcrypt-0-8-0 bcrypt@0.8.0
41 silly lockFile 1351601c-bcrypt bcrypt@
42 silly lockFile 1351601c-bcrypt bcrypt@
43 silly resolved [ { name: 'bcrypt',
43 silly resolved     description: 'A bcrypt library for NodeJS.',
43 silly resolved     keywords:
43 silly resolved      [ 'bcrypt',
43 silly resolved        'password',
43 silly resolved        'auth',
43 silly resolved        'authentication',
43 silly resolved        'encryption',
43 silly resolved        'crypt',
43 silly resolved        'crypto' ],
43 silly resolved     main: './bcrypt',
43 silly resolved     version: '0.8.0',
43 silly resolved     author: { name: 'Nick Campbell', url: 'https://github.com/ncb000gt' },
43 silly resolved     engines: { node: '>= 0.6.0' },
43 silly resolved     repository:
43 silly resolved      { type: 'git',
43 silly resolved        url: 'https://github.com/ncb000gt/node.bcrypt.js.git' },
43 silly resolved     licenses: [ [Object] ],
43 silly resolved     bugs: { url: 'https://github.com/ncb000gt/node.bcrypt.js/issues' },
43 silly resolved     scripts:
43 silly resolved      { test: 'node-gyp configure build && nodeunit test',
43 silly resolved        install: 'node-gyp rebuild' },
43 silly resolved     dependencies: { bindings: '1.0.0', nan: '1.3.0' },
43 silly resolved     devDependencies: { nodeunit: '>=0.6.4' },
43 silly resolved     contributors:
43 silly resolved      [ [Object],
43 silly resolved        [Object],
43 silly resolved        [Object],
43 silly resolved        [Object],
43 silly resolved        [Object],
43 silly resolved        [Object],
43 silly resolved        [Object],
43 silly resolved        [Object],
43 silly resolved        [Object],
43 silly resolved        [Object],
43 silly resolved        [Object],
43 silly resolved        [Object],
43 silly resolved        [Object],
43 silly resolved        [Object] ],
43 silly resolved     gypfile: true,
43 silly resolved     gitHead: '067b4e5fea672f1953632668acb40b88222eb737',
43 silly resolved     homepage: 'https://github.com/ncb000gt/node.bcrypt.js',
43 silly resolved     _id: 'bcrypt@0.8.0',
43 silly resolved     _shasum: 'b8f226406e5b78c838833a8468a4a0402cbc93c9',
43 silly resolved     _from: 'bcrypt@',
43 silly resolved     _npmVersion: '1.4.14',
43 silly resolved     _npmUser: { name: 'shtylman', email: 'shtylman@gmail.com' },
43 silly resolved     maintainers: [ [Object], [Object], [Object], [Object] ],
43 silly resolved     dist:
43 silly resolved      { shasum: 'b8f226406e5b78c838833a8468a4a0402cbc93c9',
43 silly resolved        tarball: 'http://registry.npmjs.org/bcrypt/-/bcrypt-0.8.0.tgz' },
43 silly resolved     directories: {},
43 silly resolved     _resolved: 'https://registry.npmjs.org/bcrypt/-/bcrypt-0.8.0.tgz',
43 silly resolved     readme: 'ERROR: No README data found!' } ]
44 info install bcrypt@0.8.0 into C:\Users\Tony\Dropbox\sites\nodes\CiCo
45 info installOne bcrypt@0.8.0
46 verbose node_modules\bcrypt unbuild
47 verbose tar unpack C:\Users\Tony\AppData\Roaming\npm-cache\bcrypt\0.8.0\package.tgz
48 silly lockFile c29a77e9-s-nodes-CiCo-node-modules-bcrypt tar://C:\Users\Tony\Dropbox\sites\nodes\CiCo\node_modules\bcrypt
49 verbose lock tar://C:\Users\Tony\Dropbox\sites\nodes\CiCo\node_modules\bcrypt C:\Users\Tony\AppData\Roaming\npm-cache\c29a77e9-s-nodes-CiCo-node-modules-bcrypt.lock
50 silly lockFile 71c2903c-m-cache-bcrypt-0-8-0-package-tgz tar://C:\Users\Tony\AppData\Roaming\npm-cache\bcrypt\0.8.0\package.tgz
51 verbose lock tar://C:\Users\Tony\AppData\Roaming\npm-cache\bcrypt\0.8.0\package.tgz C:\Users\Tony\AppData\Roaming\npm-cache\71c2903c-m-cache-bcrypt-0-8-0-package-tgz.lock
52 silly gunzTarPerm modes [ '777', '666' ]
53 silly gunzTarPerm extractEntry package.json
54 silly gunzTarPerm modified mode [ 'package.json', 420, 438 ]
55 silly gunzTarPerm extractEntry .npmignore
56 silly gunzTarPerm modified mode [ '.npmignore', 420, 438 ]
57 silly gunzTarPerm extractEntry README.md
58 silly gunzTarPerm modified mode [ 'README.md', 420, 438 ]
59 silly gunzTarPerm extractEntry LICENSE
60 silly gunzTarPerm modified mode [ 'LICENSE', 420, 438 ]
61 silly gunzTarPerm extractEntry bcrypt.js
62 silly gunzTarPerm modified mode [ 'bcrypt.js', 420, 438 ]
63 silly gunzTarPerm extractEntry CHANGELOG.md
64 silly gunzTarPerm modified mode [ 'CHANGELOG.md', 420, 438 ]
65 silly gunzTarPerm extractEntry werker.yml
66 silly gunzTarPerm modified mode [ 'werker.yml', 420, 438 ]
67 silly gunzTarPerm extractEntry .travis.yml
68 silly gunzTarPerm modified mode [ '.travis.yml', 420, 438 ]
69 silly gunzTarPerm extractEntry examples/async_compare.js
70 silly gunzTarPerm modified mode [ 'examples/async_compare.js', 420, 438 ]
71 silly gunzTarPerm extractEntry examples/forever_gen_salt.js
72 silly gunzTarPerm modified mode [ 'examples/forever_gen_salt.js', 420, 438 ]
73 silly gunzTarPerm extractEntry test/async.js
74 silly gunzTarPerm modified mode [ 'test/async.js', 420, 438 ]
75 silly gunzTarPerm extractEntry test/repetitions.js
76 silly gunzTarPerm modified mode [ 'test/repetitions.js', 420, 438 ]
77 silly gunzTarPerm extractEntry test/sync.js
78 silly gunzTarPerm modified mode [ 'test/sync.js', 420, 438 ]
79 silly gunzTarPerm extractEntry Makefile
80 silly gunzTarPerm modified mode [ 'Makefile', 420, 438 ]
81 silly gunzTarPerm extractEntry src/bcrypt.cc
82 silly gunzTarPerm modified mode [ 'src/bcrypt.cc', 420, 438 ]
83 silly gunzTarPerm extractEntry src/bcrypt_node.cc
84 silly gunzTarPerm modified mode [ 'src/bcrypt_node.cc', 420, 438 ]
85 silly gunzTarPerm extractEntry src/blowfish.cc
86 silly gunzTarPerm modified mode [ 'src/blowfish.cc', 420, 438 ]
87 silly gunzTarPerm extractEntry src/node_blf.h
88 silly gunzTarPerm modified mode [ 'src/node_blf.h', 420, 438 ]
89 silly gunzTarPerm extractEntry binding.gyp
90 silly gunzTarPerm modified mode [ 'binding.gyp', 420, 438 ]
91 silly lockFile c29a77e9-s-nodes-CiCo-node-modules-bcrypt tar://C:\Users\Tony\Dropbox\sites\nodes\CiCo\node_modules\bcrypt
92 silly lockFile c29a77e9-s-nodes-CiCo-node-modules-bcrypt tar://C:\Users\Tony\Dropbox\sites\nodes\CiCo\node_modules\bcrypt
93 silly lockFile 71c2903c-m-cache-bcrypt-0-8-0-package-tgz tar://C:\Users\Tony\AppData\Roaming\npm-cache\bcrypt\0.8.0\package.tgz
94 silly lockFile 71c2903c-m-cache-bcrypt-0-8-0-package-tgz tar://C:\Users\Tony\AppData\Roaming\npm-cache\bcrypt\0.8.0\package.tgz
95 info preinstall bcrypt@0.8.0
96 verbose readDependencies using package.json deps
97 verbose readDependencies using package.json deps
98 verbose cache add [ 'bindings@1.0.0', null ]
99 verbose cache add name=undefined spec="bindings@1.0.0" args=["bindings@1.0.0",null]
100 verbose parsed url { protocol: null,
100 verbose parsed url   slashes: null,
100 verbose parsed url   auth: null,
100 verbose parsed url   host: null,
100 verbose parsed url   port: null,
100 verbose parsed url   hostname: null,
100 verbose parsed url   hash: null,
100 verbose parsed url   search: null,
100 verbose parsed url   query: null,
100 verbose parsed url   pathname: 'bindings@1.0.0',
100 verbose parsed url   path: 'bindings@1.0.0',
100 verbose parsed url   href: 'bindings@1.0.0' }
101 verbose cache add [ 'nan@1.3.0', null ]
102 verbose cache add name=undefined spec="nan@1.3.0" args=["nan@1.3.0",null]
103 verbose parsed url { protocol: null,
103 verbose parsed url   slashes: null,
103 verbose parsed url   auth: null,
103 verbose parsed url   host: null,
103 verbose parsed url   port: null,
103 verbose parsed url   hostname: null,
103 verbose parsed url   hash: null,
103 verbose parsed url   search: null,
103 verbose parsed url   query: null,
103 verbose parsed url   pathname: 'nan@1.3.0',
103 verbose parsed url   path: 'nan@1.3.0',
103 verbose parsed url   href: 'nan@1.3.0' }
104 verbose cache add name="bindings" spec="1.0.0" args=["bindings","1.0.0"]
105 verbose parsed url { protocol: null,
105 verbose parsed url   slashes: null,
105 verbose parsed url   auth: null,
105 verbose parsed url   host: null,
105 verbose parsed url   port: null,
105 verbose parsed url   hostname: null,
105 verbose parsed url   hash: null,
105 verbose parsed url   search: null,
105 verbose parsed url   query: null,
105 verbose parsed url   pathname: '1.0.0',
105 verbose parsed url   path: '1.0.0',
105 verbose parsed url   href: '1.0.0' }
106 verbose addNamed [ 'bindings', '1.0.0' ]
107 verbose addNamed [ '1.0.0', '1.0.0' ]
108 silly lockFile f01e5454-bindings-1-0-0 bindings@1.0.0
109 verbose lock bindings@1.0.0 C:\Users\Tony\AppData\Roaming\npm-cache\f01e5454-bindings-1-0-0.lock
110 verbose cache add name="nan" spec="1.3.0" args=["nan","1.3.0"]
111 verbose parsed url { protocol: null,
111 verbose parsed url   slashes: null,
111 verbose parsed url   auth: null,
111 verbose parsed url   host: null,
111 verbose parsed url   port: null,
111 verbose parsed url   hostname: null,
111 verbose parsed url   hash: null,
111 verbose parsed url   search: null,
111 verbose parsed url   query: null,
111 verbose parsed url   pathname: '1.3.0',
111 verbose parsed url   path: '1.3.0',
111 verbose parsed url   href: '1.3.0' }
112 verbose addNamed [ 'nan', '1.3.0' ]
113 verbose addNamed [ '1.3.0', '1.3.0' ]
114 silly lockFile b8539500-nan-1-3-0 nan@1.3.0
115 verbose lock nan@1.3.0 C:\Users\Tony\AppData\Roaming\npm-cache\b8539500-nan-1-3-0.lock
116 verbose request where is /bindings
117 verbose request registry https://registry.npmjs.org/
118 verbose url raw /bindings
119 verbose url resolving [ 'https://registry.npmjs.org/', './bindings' ]
120 verbose url resolved https://registry.npmjs.org/bindings
121 verbose request where is https://registry.npmjs.org/bindings
122 info trying registry request attempt 1 at 01:15:58
123 verbose etag "6SJRISMK25A1UDWM33HHCDB3Q"
124 http GET https://registry.npmjs.org/bindings
125 verbose request where is /nan
126 verbose request registry https://registry.npmjs.org/
127 verbose url raw /nan
128 verbose url resolving [ 'https://registry.npmjs.org/', './nan' ]
129 verbose url resolved https://registry.npmjs.org/nan
130 verbose request where is https://registry.npmjs.org/nan
131 info trying registry request attempt 1 at 01:15:58
132 verbose etag "BASL4AHUZL2X9BYWJN23MGK84"
133 http GET https://registry.npmjs.org/nan
134 http 304 https://registry.npmjs.org/bindings
135 silly registry.get cb [ 304,
135 silly registry.get   { date: 'Mon, 22 Dec 2014 09:15:59 GMT',
135 silly registry.get     server: 'Apache',
135 silly registry.get     via: '1.1 varnish',
135 silly registry.get     'last-modified': 'Mon, 22 Dec 2014 09:15:59 GMT',
135 silly registry.get     'cache-control': 'max-age=60',
135 silly registry.get     etag: '"6SJRISMK25A1UDWM33HHCDB3Q"',
135 silly registry.get     age: '10',
135 silly registry.get     'x-served-by': 'cache-lax1421-LAX',
135 silly registry.get     'x-cache': 'HIT',
135 silly registry.get     'x-cache-hits': '1',
135 silly registry.get     'x-timer': 'S1419239759.053207,VS0,VE0',
135 silly registry.get     vary: 'Accept',
135 silly registry.get     'content-length': '0',
135 silly registry.get     'keep-alive': 'timeout=10, max=50',
135 silly registry.get     connection: 'Keep-Alive' } ]
136 verbose etag https://registry.npmjs.org/bindings from cache
137 http 304 https://registry.npmjs.org/nan
138 silly registry.get cb [ 304,
138 silly registry.get   { date: 'Mon, 22 Dec 2014 09:15:59 GMT',
138 silly registry.get     server: 'Apache',
138 silly registry.get     via: '1.1 varnish',
138 silly registry.get     'last-modified': 'Mon, 22 Dec 2014 09:15:42 GMT',
138 silly registry.get     'cache-control': 'max-age=60',
138 silly registry.get     etag: '"BASL4AHUZL2X9BYWJN23MGK84"',
138 silly registry.get     age: '16',
138 silly registry.get     'x-served-by': 'cache-lax1428-LAX',
138 silly registry.get     'x-cache': 'HIT',
138 silly registry.get     'x-cache-hits': '3',
138 silly registry.get     'x-timer': 'S1419239759.060279,VS0,VE0',
138 silly registry.get     vary: 'Accept',
138 silly registry.get     'content-length': '0',
138 silly registry.get     'keep-alive': 'timeout=10, max=50',
138 silly registry.get     connection: 'Keep-Alive' } ]
139 verbose etag https://registry.npmjs.org/nan from cache
140 silly lockFile f01e5454-bindings-1-0-0 bindings@1.0.0
141 silly lockFile f01e5454-bindings-1-0-0 bindings@1.0.0
142 silly lockFile b8539500-nan-1-3-0 nan@1.3.0
143 silly lockFile b8539500-nan-1-3-0 nan@1.3.0
144 silly resolved [ { name: 'bindings',
144 silly resolved     description: 'Helper module for loading your native module\'s .node file',
144 silly resolved     keywords: [ 'native', 'addon', 'bindings', 'gyp', 'waf', 'c', 'c++' ],
144 silly resolved     version: '1.0.0',
144 silly resolved     author:
144 silly resolved      { name: 'Nathan Rajlich',
144 silly resolved        email: 'nathan@tootallnate.net',
144 silly resolved        url: 'http://tootallnate.net' },
144 silly resolved     repository:
144 silly resolved      { type: 'git',
144 silly resolved        url: 'git://github.com/TooTallNate/node-bindings.git' },
144 silly resolved     main: './bindings.js',
144 silly resolved     _id: 'bindings@1.0.0',
144 silly resolved     dist:
144 silly resolved      { shasum: 'c3ccde60e9de6807c6f1aa4ef4843af29191c828',
144 silly resolved        tarball: 'http://registry.npmjs.org/bindings/-/bindings-1.0.0.tgz' },
144 silly resolved     maintainers: [ [Object], [Object] ],
144 silly resolved     directories: {},
144 silly resolved     _shasum: 'c3ccde60e9de6807c6f1aa4ef4843af29191c828',
144 silly resolved     _from: 'bindings@1.0.0',
144 silly resolved     _resolved: 'https://registry.npmjs.org/bindings/-/bindings-1.0.0.tgz',
144 silly resolved     bugs: { url: 'https://github.com/TooTallNate/node-bindings/issues' },
144 silly resolved     readme: 'ERROR: No README data found!',
144 silly resolved     homepage: 'https://github.com/TooTallNate/node-bindings' },
144 silly resolved   { name: 'nan',
144 silly resolved     version: '1.3.0',
144 silly resolved     description: 'Native Abstractions for Node.js: C++ header for Node 0.8->0.12 compatibility',
144 silly resolved     main: 'include_dirs.js',
144 silly resolved     repository: { type: 'git', url: 'git://github.com/rvagg/nan.git' },
144 silly resolved     scripts:
144 silly resolved      { test: 'tap --gc test/js/*-test.js',
144 silly resolved        'rebuild-tests': 'node-gyp rebuild --directory test' },
144 silly resolved     contributors: [ [Object], [Object], [Object], [Object], [Object], [Object] ],
144 silly resolved     devDependencies:
144 silly resolved      { bindings: '~1.2.1',
144 silly resolved        'node-gyp': '~1.0.1',
144 silly resolved        tap: '~0.4.12',
144 silly resolved        xtend: '~4.0.0' },
144 silly resolved     license: 'MIT',
144 silly resolved     gitHead: 'e482fbe142e58373d5a24f4e5a60c61e22a13f83',
144 silly resolved     bugs: { url: 'https://github.com/rvagg/nan/issues' },
144 silly resolved     homepage: 'https://github.com/rvagg/nan',
144 silly resolved     _id: 'nan@1.3.0',
144 silly resolved     _shasum: '9a5b8d5ef97a10df3050e59b2c362d3baf779742',
144 silly resolved     _from: 'nan@1.3.0',
144 silly resolved     _npmVersion: '1.4.21',
144 silly resolved     _npmUser: { name: 'rvagg', email: 'rod@vagg.org' },
144 silly resolved     maintainers: [ [Object] ],
144 silly resolved     dist:
144 silly resolved      { shasum: '9a5b8d5ef97a10df3050e59b2c362d3baf779742',
144 silly resolved        tarball: 'http://registry.npmjs.org/nan/-/nan-1.3.0.tgz' },
144 silly resolved     directories: {},
144 silly resolved     _resolved: 'https://registry.npmjs.org/nan/-/nan-1.3.0.tgz',
144 silly resolved     readme: 'ERROR: No README data found!' } ]
145 info install bindings@1.0.0 into C:\Users\Tony\Dropbox\sites\nodes\CiCo\node_modules\bcrypt
146 info install nan@1.3.0 into C:\Users\Tony\Dropbox\sites\nodes\CiCo\node_modules\bcrypt
147 info installOne bindings@1.0.0
148 info installOne nan@1.3.0
149 verbose node_modules\bcrypt\node_modules\bindings unbuild
150 verbose node_modules\bcrypt\node_modules\nan unbuild
151 verbose tar unpack C:\Users\Tony\AppData\Roaming\npm-cache\bindings\1.0.0\package.tgz
152 silly lockFile 1b43a63d-les-bcrypt-node-modules-bindings tar://C:\Users\Tony\Dropbox\sites\nodes\CiCo\node_modules\bcrypt\node_modules\bindings
153 verbose lock tar://C:\Users\Tony\Dropbox\sites\nodes\CiCo\node_modules\bcrypt\node_modules\bindings C:\Users\Tony\AppData\Roaming\npm-cache\1b43a63d-les-bcrypt-node-modules-bindings.lock
154 silly lockFile f5dd7235-cache-bindings-1-0-0-package-tgz tar://C:\Users\Tony\AppData\Roaming\npm-cache\bindings\1.0.0\package.tgz
155 verbose lock tar://C:\Users\Tony\AppData\Roaming\npm-cache\bindings\1.0.0\package.tgz C:\Users\Tony\AppData\Roaming\npm-cache\f5dd7235-cache-bindings-1-0-0-package-tgz.lock
156 verbose tar unpack C:\Users\Tony\AppData\Roaming\npm-cache\nan\1.3.0\package.tgz
157 silly lockFile 4aa571ff--modules-bcrypt-node-modules-nan tar://C:\Users\Tony\Dropbox\sites\nodes\CiCo\node_modules\bcrypt\node_modules\nan
158 verbose lock tar://C:\Users\Tony\Dropbox\sites\nodes\CiCo\node_modules\bcrypt\node_modules\nan C:\Users\Tony\AppData\Roaming\npm-cache\4aa571ff--modules-bcrypt-node-modules-nan.lock
159 silly lockFile fdaa0a2a--npm-cache-nan-1-3-0-package-tgz tar://C:\Users\Tony\AppData\Roaming\npm-cache\nan\1.3.0\package.tgz
160 verbose lock tar://C:\Users\Tony\AppData\Roaming\npm-cache\nan\1.3.0\package.tgz C:\Users\Tony\AppData\Roaming\npm-cache\fdaa0a2a--npm-cache-nan-1-3-0-package-tgz.lock
161 silly gunzTarPerm modes [ '777', '666' ]
162 silly gunzTarPerm modes [ '777', '666' ]
163 silly gunzTarPerm extractEntry package.json
164 silly gunzTarPerm modified mode [ 'package.json', 420, 438 ]
165 silly gunzTarPerm extractEntry package.json
166 silly gunzTarPerm modified mode [ 'package.json', 436, 438 ]
167 silly gunzTarPerm extractEntry README.md
168 silly gunzTarPerm modified mode [ 'README.md', 420, 438 ]
169 silly gunzTarPerm extractEntry bindings.js
170 silly gunzTarPerm modified mode [ 'bindings.js', 420, 438 ]
171 silly gunzTarPerm extractEntry README.md
172 silly gunzTarPerm modified mode [ 'README.md', 436, 438 ]
173 silly gunzTarPerm extractEntry LICENSE
174 silly gunzTarPerm modified mode [ 'LICENSE', 436, 438 ]
175 silly gunzTarPerm extractEntry include_dirs.js
176 silly gunzTarPerm modified mode [ 'include_dirs.js', 436, 438 ]
177 silly gunzTarPerm extractEntry CHANGELOG.md
178 silly gunzTarPerm modified mode [ 'CHANGELOG.md', 436, 438 ]
179 silly gunzTarPerm extractEntry .dntrc
180 silly gunzTarPerm modified mode [ '.dntrc', 436, 438 ]
181 silly gunzTarPerm extractEntry nan.h
182 silly gunzTarPerm modified mode [ 'nan.h', 436, 438 ]
183 silly gunzTarPerm extractEntry appveyor.yml
184 silly gunzTarPerm modified mode [ 'appveyor.yml', 436, 438 ]
185 silly lockFile 1b43a63d-les-bcrypt-node-modules-bindings tar://C:\Users\Tony\Dropbox\sites\nodes\CiCo\node_modules\bcrypt\node_modules\bindings
186 silly lockFile 1b43a63d-les-bcrypt-node-modules-bindings tar://C:\Users\Tony\Dropbox\sites\nodes\CiCo\node_modules\bcrypt\node_modules\bindings
187 silly lockFile f5dd7235-cache-bindings-1-0-0-package-tgz tar://C:\Users\Tony\AppData\Roaming\npm-cache\bindings\1.0.0\package.tgz
188 silly lockFile f5dd7235-cache-bindings-1-0-0-package-tgz tar://C:\Users\Tony\AppData\Roaming\npm-cache\bindings\1.0.0\package.tgz
189 info preinstall bindings@1.0.0
190 verbose readDependencies using package.json deps
191 verbose readDependencies using package.json deps
192 silly resolved []
193 verbose about to build C:\Users\Tony\Dropbox\sites\nodes\CiCo\node_modules\bcrypt\node_modules\bindings
194 info build C:\Users\Tony\Dropbox\sites\nodes\CiCo\node_modules\bcrypt\node_modules\bindings
195 verbose linkStuff [ false,
195 verbose linkStuff   false,
195 verbose linkStuff   false,
195 verbose linkStuff   'C:\\Users\\Tony\\Dropbox\\sites\\nodes\\CiCo\\node_modules\\bcrypt\\node_modules' ]
196 info linkStuff bindings@1.0.0
197 verbose linkBins bindings@1.0.0
198 verbose linkMans bindings@1.0.0
199 verbose rebuildBundles bindings@1.0.0
200 info install bindings@1.0.0
201 info postinstall bindings@1.0.0
202 silly lockFile 4aa571ff--modules-bcrypt-node-modules-nan tar://C:\Users\Tony\Dropbox\sites\nodes\CiCo\node_modules\bcrypt\node_modules\nan
203 silly lockFile 4aa571ff--modules-bcrypt-node-modules-nan tar://C:\Users\Tony\Dropbox\sites\nodes\CiCo\node_modules\bcrypt\node_modules\nan
204 silly lockFile fdaa0a2a--npm-cache-nan-1-3-0-package-tgz tar://C:\Users\Tony\AppData\Roaming\npm-cache\nan\1.3.0\package.tgz
205 silly lockFile fdaa0a2a--npm-cache-nan-1-3-0-package-tgz tar://C:\Users\Tony\AppData\Roaming\npm-cache\nan\1.3.0\package.tgz
206 info preinstall nan@1.3.0
207 verbose readDependencies using package.json deps
208 verbose readDependencies using package.json deps
209 silly resolved []
210 verbose about to build C:\Users\Tony\Dropbox\sites\nodes\CiCo\node_modules\bcrypt\node_modules\nan
211 info build C:\Users\Tony\Dropbox\sites\nodes\CiCo\node_modules\bcrypt\node_modules\nan
212 verbose linkStuff [ false,
212 verbose linkStuff   false,
212 verbose linkStuff   false,
212 verbose linkStuff   'C:\\Users\\Tony\\Dropbox\\sites\\nodes\\CiCo\\node_modules\\bcrypt\\node_modules' ]
213 info linkStuff nan@1.3.0
214 verbose linkBins nan@1.3.0
215 verbose linkMans nan@1.3.0
216 verbose rebuildBundles nan@1.3.0
217 info install nan@1.3.0
218 info postinstall nan@1.3.0
219 verbose about to build C:\Users\Tony\Dropbox\sites\nodes\CiCo\node_modules\bcrypt
220 info build C:\Users\Tony\Dropbox\sites\nodes\CiCo\node_modules\bcrypt
221 verbose linkStuff [ false,
221 verbose linkStuff   false,
221 verbose linkStuff   false,
221 verbose linkStuff   'C:\\Users\\Tony\\Dropbox\\sites\\nodes\\CiCo\\node_modules' ]
222 info linkStuff bcrypt@0.8.0
223 verbose linkBins bcrypt@0.8.0
224 verbose linkMans bcrypt@0.8.0
225 verbose rebuildBundles bcrypt@0.8.0
226 verbose rebuildBundles [ 'bindings', 'nan' ]
227 info install bcrypt@0.8.0
228 verbose unsafe-perm in lifecycle true
229 info bcrypt@0.8.0 Failed to exec install script
230 verbose node_modules\bcrypt unbuild
231 info preuninstall bcrypt@0.8.0
232 info uninstall bcrypt@0.8.0
233 verbose true,C:\Users\Tony\Dropbox\sites\nodes\CiCo\node_modules,C:\Users\Tony\Dropbox\sites\nodes\CiCo\node_modules unbuild bcrypt@0.8.0
234 info postuninstall bcrypt@0.8.0
235 error bcrypt@0.8.0 install: `node-gyp rebuild`
235 error Exit status 1
236 error Failed at the bcrypt@0.8.0 install script.
236 error This is most likely a problem with the bcrypt package,
236 error not with npm itself.
236 error Tell the author that this fails on your system:
236 error     node-gyp rebuild
236 error You can get their info via:
236 error     npm owner ls bcrypt
236 error There is likely additional logging output above.
237 error System Windows_NT 6.1.7601
238 error command "C:\\Program Files\\nodejs\\\\node.exe" "C:\\Program Files\\nodejs\\node_modules\\npm\\bin\\npm-cli.js" "install" "bcrypt" "--save"
239 error cwd C:\Users\Tony\Dropbox\sites\nodes\CiCo
240 error node -v v0.10.30
241 error npm -v 1.4.21
242 error code ELIFECYCLE
243 verbose exit [ 1, true ]
